  [1m[35m (4.1ms)[0m  [1m[34mSELECT sqlite_version(*)[0m
  [1m[35m (4.1ms)[0m  [1m[35mCREATE TABLE "schema_migrations" ("version" varchar NOT NULL PRIMARY KEY)[0m
  [1m[35m (4.8ms)[0m  [1m[35mCREATE TABLE "ar_internal_metadata" ("key" varchar NOT NULL PRIMARY KEY, "value" varchar, "created_at" datetime(6) NOT NULL, "updated_at" datetime(6) NOT NULL)[0m
  [1m[35m (0.2ms)[0m  [1m[34mSELECT "schema_migrations"."version" FROM "schema_migrations" ORDER BY "schema_migrations"."version" ASC[0m
Migrating to CreateQuizzes (20200416095217)
  [1m[35m (0.1ms)[0m  [1m[36mbegin transaction[0m
  [1m[35m (0.5ms)[0m  [1m[35mCREATE TABLE "quizzes" ("id" integer PRIMARY KEY AUTOINCREMENT NOT NULL, "title" varchar, "num_of_questions" integer, "score" integer, "created_at" datetime(6) NOT NULL, "updated_at" datetime(6) NOT NULL)[0m
  [1m[36mprimary::SchemaMigration Create (0.2ms)[0m  [1m[32mINSERT INTO "schema_migrations" ("version") VALUES (?)[0m  [["version", "20200416095217"]]
  [1m[35m (2.9ms)[0m  [1m[36mcommit transaction[0m
  [1m[36mActiveRecord::InternalMetadata Load (0.2ms)[0m  [1m[34mSELECT "ar_internal_metadata".* FROM "ar_internal_metadata" WHERE "ar_internal_metadata"."key" = ? LIMIT ?[0m  [["key", "environment"], ["LIMIT", 1]]
  [1m[35m (0.1ms)[0m  [1m[36mbegin transaction[0m
  [1m[36mActiveRecord::InternalMetadata Create (0.4ms)[0m  [1m[32mINSERT INTO "ar_internal_metadata" ("key", "value", "created_at", "updated_at") VALUES (?, ?, ?, ?)[0m  [["key", "environment"], ["value", "development"], ["created_at", "2020-04-16 09:56:12.839321"], ["updated_at", "2020-04-16 09:56:12.839321"]]
  [1m[35m (2.8ms)[0m  [1m[36mcommit transaction[0m
  [1m[35m (0.1ms)[0m  [1m[34mSELECT sqlite_version(*)[0m
  [1m[35m (0.1ms)[0m  [1m[34mSELECT "schema_migrations"."version" FROM "schema_migrations" ORDER BY "schema_migrations"."version" ASC[0m
  [1m[35m (6.0ms)[0m  [1m[34mSELECT sqlite_version(*)[0m
  [1m[35m (2.4ms)[0m  [1m[34mSELECT "schema_migrations"."version" FROM "schema_migrations" ORDER BY "schema_migrations"."version" ASC[0m
  [1m[35m (0.1ms)[0m  [1m[34mSELECT sqlite_version(*)[0m
  [1m[35m (0.1ms)[0m  [1m[36mbegin transaction[0m
  [1m[36mQuiz Create (3.0ms)[0m  [1m[32mINSERT INTO "quizzes" ("title", "num_of_questions", "score", "created_at", "updated_at") VALUES (?, ?, ?, ?, ?)[0m  [["title", "math"], ["num_of_questions", 5], ["score", 0], ["created_at", "2020-04-16 10:06:07.380861"], ["updated_at", "2020-04-16 10:06:07.380861"]]
  [1m[35m (3.0ms)[0m  [1m[36mcommit transaction[0m
  [1m[35m (0.1ms)[0m  [1m[36mbegin transaction[0m
  [1m[36mQuiz Create (0.5ms)[0m  [1m[32mINSERT INTO "quizzes" ("title", "num_of_questions", "score", "created_at", "updated_at") VALUES (?, ?, ?, ?, ?)[0m  [["title", "oop"], ["num_of_questions", 3], ["score", 0], ["created_at", "2020-04-16 10:06:07.392747"], ["updated_at", "2020-04-16 10:06:07.392747"]]
  [1m[35m (3.0ms)[0m  [1m[36mcommit transaction[0m
  [1m[35m (0.1ms)[0m  [1m[36mbegin transaction[0m
  [1m[36mQuiz Create (0.4ms)[0m  [1m[32mINSERT INTO "quizzes" ("title", "num_of_questions", "score", "created_at", "updated_at") VALUES (?, ?, ?, ?, ?)[0m  [["title", "english"], ["num_of_questions", 5], ["score", 0], ["created_at", "2020-04-16 10:06:07.401027"], ["updated_at", "2020-04-16 10:06:07.401027"]]
  [1m[35m (2.8ms)[0m  [1m[36mcommit transaction[0m
  [1m[35m (0.1ms)[0m  [1m[36mbegin transaction[0m
  [1m[36mQuiz Create (0.3ms)[0m  [1m[32mINSERT INTO "quizzes" ("title", "num_of_questions", "score", "created_at", "updated_at") VALUES (?, ?, ?, ?, ?)[0m  [["title", "science"], ["num_of_questions", 6], ["score", 0], ["created_at", "2020-04-16 10:06:07.407897"], ["updated_at", "2020-04-16 10:06:07.407897"]]
  [1m[35m (2.4ms)[0m  [1m[36mcommit transaction[0m
  [1m[35m (3.6ms)[0m  [1m[34mSELECT sqlite_version(*)[0m
  [1m[36mQuiz Load (0.7ms)[0m  [1m[34mSELECT "quizzes".* FROM "quizzes" LIMIT ?[0m  [["LIMIT", 11]]
  [1m[35m (0.2ms)[0m  [1m[34mSELECT COUNT(*) FROM "quizzes"[0m
Started GET "/" for ::1 at 2020-04-16 03:08:17 -0700
  [1m[35m (3.3ms)[0m  [1m[34mSELECT sqlite_version(*)[0m
  [1m[35m (2.4ms)[0m  [1m[34mSELECT "schema_migrations"."version" FROM "schema_migrations" ORDER BY "schema_migrations"."version" ASC[0m
Processing by Rails::WelcomeController#index as HTML
  Rendering /Users/syd/.rvm/gems/ruby-2.6.1/gems/railties-6.0.2.2/lib/rails/templates/rails/welcome/index.html.erb
  Rendered /Users/syd/.rvm/gems/ruby-2.6.1/gems/railties-6.0.2.2/lib/rails/templates/rails/welcome/index.html.erb (Duration: 11.4ms | Allocations: 480)
Completed 200 OK in 38ms (Views: 23.9ms | ActiveRecord: 0.0ms | Allocations: 2634)


Started GET "/quizzes" for ::1 at 2020-04-16 03:08:23 -0700
Processing by QuizzesController#index as HTML
  [1m[36mQuiz Load (0.3ms)[0m  [1m[34mSELECT "quizzes".* FROM "quizzes"[0m
  ↳ app/controllers/quizzes_controller.rb:4:in `index'
Completed 200 OK in 19ms (Views: 13.3ms | ActiveRecord: 1.0ms | Allocations: 5792)


Started GET "/quizzes" for ::1 at 2020-04-16 04:29:01 -0700
  [1m[35m (2.9ms)[0m  [1m[34mSELECT sqlite_version(*)[0m
  [1m[35m (2.4ms)[0m  [1m[34mSELECT "schema_migrations"."version" FROM "schema_migrations" ORDER BY "schema_migrations"."version" ASC[0m
Processing by QuizzesController#index as */*
  [1m[36mQuiz Load (2.4ms)[0m  [1m[34mSELECT "quizzes".* FROM "quizzes"[0m
  ↳ app/controllers/quizzes_controller.rb:4:in `index'
Completed 200 OK in 21ms (Views: 11.4ms | ActiveRecord: 4.0ms | Allocations: 5786)


Started GET "/quizzes" for ::1 at 2020-04-16 04:31:30 -0700
Processing by QuizzesController#index as */*
  [1m[36mQuiz Load (0.3ms)[0m  [1m[34mSELECT "quizzes".* FROM "quizzes"[0m
  ↳ app/controllers/quizzes_controller.rb:4:in `index'
Completed 200 OK in 4ms (Views: 3.2ms | ActiveRecord: 0.3ms | Allocations: 1309)


Started GET "/quizzes" for ::1 at 2020-04-16 04:34:13 -0700
Processing by QuizzesController#index as */*
  [1m[36mQuiz Load (0.4ms)[0m  [1m[34mSELECT "quizzes".* FROM "quizzes"[0m
  ↳ app/controllers/quizzes_controller.rb:4:in `index'
Completed 200 OK in 5ms (Views: 3.6ms | ActiveRecord: 0.4ms | Allocations: 1309)


Started GET "/quizzes" for ::1 at 2020-04-16 04:39:31 -0700
  [1m[35m (0.5ms)[0m  [1m[34mSELECT sqlite_version(*)[0m
  [1m[35m (0.2ms)[0m  [1m[34mSELECT "schema_migrations"."version" FROM "schema_migrations" ORDER BY "schema_migrations"."version" ASC[0m
Processing by QuizzesController#index as */*
  [1m[36mQuiz Load (0.2ms)[0m  [1m[34mSELECT "quizzes".* FROM "quizzes"[0m
  ↳ app/controllers/quizzes_controller.rb:4:in `index'
Completed 200 OK in 11ms (Views: 8.3ms | ActiveRecord: 1.2ms | Allocations: 5786)


Started GET "/quizzes" for ::1 at 2020-04-16 04:41:38 -0700
Processing by QuizzesController#index as */*
  [1m[36mQuiz Load (0.2ms)[0m  [1m[34mSELECT "quizzes".* FROM "quizzes"[0m
  ↳ app/controllers/quizzes_controller.rb:4:in `index'
Completed 200 OK in 5ms (Views: 3.4ms | ActiveRecord: 0.2ms | Allocations: 1309)


Started GET "/quizzes" for ::1 at 2020-04-16 04:44:38 -0700
Processing by QuizzesController#index as */*
  [1m[36mQuiz Load (0.2ms)[0m  [1m[34mSELECT "quizzes".* FROM "quizzes"[0m
  ↳ app/controllers/quizzes_controller.rb:4:in `index'
Completed 200 OK in 4ms (Views: 3.1ms | ActiveRecord: 0.2ms | Allocations: 1309)


Started GET "/quizzes" for ::1 at 2020-04-16 04:47:14 -0700
Processing by QuizzesController#index as */*
  [1m[36mQuiz Load (0.2ms)[0m  [1m[34mSELECT "quizzes".* FROM "quizzes"[0m
  ↳ app/controllers/quizzes_controller.rb:4:in `index'
Completed 200 OK in 5ms (Views: 3.5ms | ActiveRecord: 0.2ms | Allocations: 1309)


Started GET "/quizzes" for ::1 at 2020-04-16 04:47:15 -0700
Processing by QuizzesController#index as */*
  [1m[36mQuiz Load (0.2ms)[0m  [1m[34mSELECT "quizzes".* FROM "quizzes"[0m
  ↳ app/controllers/quizzes_controller.rb:4:in `index'
Completed 200 OK in 4ms (Views: 3.3ms | ActiveRecord: 0.2ms | Allocations: 1310)


Started GET "/quizzes" for ::1 at 2020-04-16 04:56:56 -0700
  [1m[35m (0.2ms)[0m  [1m[34mSELECT sqlite_version(*)[0m
Processing by QuizzesController#index as */*
  [1m[36mQuiz Load (0.3ms)[0m  [1m[34mSELECT "quizzes".* FROM "quizzes"[0m
  ↳ app/controllers/quizzes_controller.rb:4:in `index'
Completed 200 OK in 4ms (Views: 3.1ms | ActiveRecord: 0.3ms | Allocations: 1312)


Started GET "/quizzes" for ::1 at 2020-04-16 04:59:42 -0700
Processing by QuizzesController#index as */*
  [1m[36mQuiz Load (0.5ms)[0m  [1m[34mSELECT "quizzes".* FROM "quizzes"[0m
  ↳ app/controllers/quizzes_controller.rb:4:in `index'
Completed 200 OK in 4ms (Views: 2.9ms | ActiveRecord: 0.5ms | Allocations: 1292)


Started GET "/quizzes" for ::1 at 2020-04-16 05:00:01 -0700
Processing by QuizzesController#index as */*
  [1m[36mQuiz Load (0.2ms)[0m  [1m[34mSELECT "quizzes".* FROM "quizzes"[0m
  ↳ app/controllers/quizzes_controller.rb:4:in `index'
Completed 200 OK in 3ms (Views: 3.0ms | ActiveRecord: 0.2ms | Allocations: 1292)


Started GET "/quizzes" for ::1 at 2020-04-16 05:01:41 -0700
Processing by QuizzesController#index as */*
  [1m[36mQuiz Load (0.2ms)[0m  [1m[34mSELECT "quizzes".* FROM "quizzes"[0m
  ↳ app/controllers/quizzes_controller.rb:4:in `index'
Completed 200 OK in 3ms (Views: 3.0ms | ActiveRecord: 0.2ms | Allocations: 1292)


Started GET "/quizzes" for ::1 at 2020-04-16 05:02:32 -0700
Processing by QuizzesController#index as */*
  [1m[36mQuiz Load (0.2ms)[0m  [1m[34mSELECT "quizzes".* FROM "quizzes"[0m
  ↳ app/controllers/quizzes_controller.rb:4:in `index'
Completed 200 OK in 5ms (Views: 4.4ms | ActiveRecord: 0.2ms | Allocations: 1292)


Started GET "/quizzes" for ::1 at 2020-04-16 05:03:57 -0700
Processing by QuizzesController#index as */*
  [1m[36mQuiz Load (0.2ms)[0m  [1m[34mSELECT "quizzes".* FROM "quizzes"[0m
  ↳ app/controllers/quizzes_controller.rb:4:in `index'
Completed 200 OK in 3ms (Views: 2.4ms | ActiveRecord: 0.2ms | Allocations: 1292)


Started GET "/quizzes" for ::1 at 2020-04-16 05:05:40 -0700
Processing by QuizzesController#index as */*
  [1m[36mQuiz Load (0.2ms)[0m  [1m[34mSELECT "quizzes".* FROM "quizzes"[0m
  ↳ app/controllers/quizzes_controller.rb:4:in `index'
Completed 200 OK in 4ms (Views: 3.4ms | ActiveRecord: 0.2ms | Allocations: 1292)


Started GET "/quizzes/1" for ::1 at 2020-04-16 05:06:46 -0700
  [1m[35m (3.6ms)[0m  [1m[34mSELECT sqlite_version(*)[0m
  [1m[35m (0.4ms)[0m  [1m[34mSELECT "schema_migrations"."version" FROM "schema_migrations" ORDER BY "schema_migrations"."version" ASC[0m
Processing by QuizzesController#show as HTML
  Parameters: {"id"=>"1"}
  [1m[36mQuiz Load (0.7ms)[0m  [1m[34mSELECT "quizzes".* FROM "quizzes" WHERE "quizzes"."id" = ? LIMIT ?[0m  [["id", 1], ["LIMIT", 1]]
  ↳ app/controllers/quizzes_controller.rb:7:in `show'
Completed 200 OK in 33ms (Views: 0.8ms | ActiveRecord: 2.6ms | Allocations: 5579)


Started GET "/quizzes/2" for ::1 at 2020-04-16 05:06:50 -0700
Processing by QuizzesController#show as HTML
  Parameters: {"id"=>"2"}
  [1m[36mQuiz Load (0.2ms)[0m  [1m[34mSELECT "quizzes".* FROM "quizzes" WHERE "quizzes"."id" = ? LIMIT ?[0m  [["id", 2], ["LIMIT", 1]]
  ↳ app/controllers/quizzes_controller.rb:7:in `show'
Completed 200 OK in 3ms (Views: 0.6ms | ActiveRecord: 0.2ms | Allocations: 693)


Started GET "/quizzes" for ::1 at 2020-04-16 05:06:55 -0700
Processing by QuizzesController#index as HTML
  [1m[36mQuiz Load (0.4ms)[0m  [1m[34mSELECT "quizzes".* FROM "quizzes"[0m
  ↳ app/controllers/quizzes_controller.rb:4:in `index'
Completed 200 OK in 4ms (Views: 2.7ms | ActiveRecord: 0.4ms | Allocations: 1327)


Started GET "/quizzes" for ::1 at 2020-04-16 05:07:16 -0700
Processing by QuizzesController#index as */*
  [1m[36mQuiz Load (0.1ms)[0m  [1m[34mSELECT "quizzes".* FROM "quizzes"[0m
  ↳ app/controllers/quizzes_controller.rb:4:in `index'
Completed 200 OK in 3ms (Views: 2.8ms | ActiveRecord: 0.1ms | Allocations: 1310)


Started GET "/" for ::1 at 2020-04-18 23:04:34 -0700
  [1m[35m (3.5ms)[0m  [1m[34mSELECT sqlite_version(*)[0m
  [1m[35m (2.2ms)[0m  [1m[34mSELECT "schema_migrations"."version" FROM "schema_migrations" ORDER BY "schema_migrations"."version" ASC[0m
Processing by Rails::WelcomeController#index as HTML
  Rendering /Users/syd/.rvm/gems/ruby-2.6.1/gems/railties-6.0.2.2/lib/rails/templates/rails/welcome/index.html.erb
  Rendered /Users/syd/.rvm/gems/ruby-2.6.1/gems/railties-6.0.2.2/lib/rails/templates/rails/welcome/index.html.erb (Duration: 11.3ms | Allocations: 315)
Completed 200 OK in 25ms (Views: 16.9ms | ActiveRecord: 0.0ms | Allocations: 1596)


Started GET "/favicon.ico" for ::1 at 2020-04-18 23:04:36 -0700
  
ActionController::RoutingError (No route matches [GET] "/favicon.ico"):
  
actionpack (6.0.2.2) lib/action_dispatch/middleware/debug_exceptions.rb:36:in `call'
actionpack (6.0.2.2) lib/action_dispatch/middleware/show_exceptions.rb:33:in `call'
railties (6.0.2.2) lib/rails/rack/logger.rb:38:in `call_app'
railties (6.0.2.2) lib/rails/rack/logger.rb:26:in `block in call'
activesupport (6.0.2.2) lib/active_support/tagged_logging.rb:80:in `block in tagged'
activesupport (6.0.2.2) lib/active_support/tagged_logging.rb:28:in `tagged'
activesupport (6.0.2.2) lib/active_support/tagged_logging.rb:80:in `tagged'
railties (6.0.2.2) lib/rails/rack/logger.rb:26:in `call'
actionpack (6.0.2.2) lib/action_dispatch/middleware/remote_ip.rb:81:in `call'
actionpack (6.0.2.2) lib/action_dispatch/middleware/request_id.rb:27:in `call'
rack (2.2.2) lib/rack/runtime.rb:22:in `call'
activesupport (6.0.2.2) lib/active_support/cache/strategy/local_cache_middleware.rb:29:in `call'
actionpack (6.0.2.2) lib/action_dispatch/middleware/executor.rb:14:in `call'
actionpack (6.0.2.2) lib/action_dispatch/middleware/static.rb:126:in `call'
rack (2.2.2) lib/rack/sendfile.rb:110:in `call'
actionpack (6.0.2.2) lib/action_dispatch/middleware/host_authorization.rb:83:in `call'
rack-cors (1.1.1) lib/rack/cors.rb:100:in `call'
railties (6.0.2.2) lib/rails/engine.rb:526:in `call'
puma (4.3.3) lib/puma/configuration.rb:228:in `call'
puma (4.3.3) lib/puma/server.rb:682:in `handle_request'
puma (4.3.3) lib/puma/server.rb:472:in `process_client'
puma (4.3.3) lib/puma/server.rb:328:in `block in run'
puma (4.3.3) lib/puma/thread_pool.rb:134:in `block in spawn_thread'
Started GET "/quizzes" for ::1 at 2020-04-18 23:04:42 -0700
Processing by QuizzesController#index as HTML
  [1m[36mQuiz Load (2.6ms)[0m  [1m[34mSELECT "quizzes".* FROM "quizzes"[0m
  ↳ app/controllers/quizzes_controller.rb:4:in `index'
Completed 200 OK in 21ms (Views: 10.1ms | ActiveRecord: 3.5ms | Allocations: 5872)


Started GET "/quizzes" for ::1 at 2020-04-18 23:18:57 -0700
  [1m[35m (0.1ms)[0m  [1m[34mSELECT sqlite_version(*)[0m
Processing by QuizzesController#index as */*
  [1m[36mQuiz Load (0.2ms)[0m  [1m[34mSELECT "quizzes".* FROM "quizzes"[0m
  ↳ app/controllers/quizzes_controller.rb:4:in `index'
Completed 200 OK in 3ms (Views: 2.2ms | ActiveRecord: 0.2ms | Allocations: 1333)


Started GET "/quizzes" for ::1 at 2020-04-18 23:19:16 -0700
Processing by QuizzesController#index as */*
  [1m[36mQuiz Load (0.2ms)[0m  [1m[34mSELECT "quizzes".* FROM "quizzes"[0m
  ↳ app/controllers/quizzes_controller.rb:4:in `index'
Completed 200 OK in 4ms (Views: 3.7ms | ActiveRecord: 0.2ms | Allocations: 1318)


Started GET "/quizzes" for ::1 at 2020-04-18 23:19:17 -0700
Processing by QuizzesController#index as */*
  [1m[36mQuiz Load (0.2ms)[0m  [1m[34mSELECT "quizzes".* FROM "quizzes"[0m
  ↳ app/controllers/quizzes_controller.rb:4:in `index'
Completed 200 OK in 4ms (Views: 3.4ms | ActiveRecord: 0.2ms | Allocations: 1301)


Started GET "/quizzes" for ::1 at 2020-04-18 23:30:08 -0700
  [1m[35m (0.1ms)[0m  [1m[34mSELECT sqlite_version(*)[0m
Processing by QuizzesController#index as */*
  [1m[36mQuiz Load (0.3ms)[0m  [1m[34mSELECT "quizzes".* FROM "quizzes"[0m
  ↳ app/controllers/quizzes_controller.rb:4:in `index'
Completed 200 OK in 5ms (Views: 3.9ms | ActiveRecord: 0.3ms | Allocations: 1330)


Started GET "/quizzes" for ::1 at 2020-04-18 23:38:02 -0700
  [1m[35m (0.1ms)[0m  [1m[34mSELECT sqlite_version(*)[0m
Processing by QuizzesController#index as */*
  [1m[36mQuiz Load (0.2ms)[0m  [1m[34mSELECT "quizzes".* FROM "quizzes"[0m
  ↳ app/controllers/quizzes_controller.rb:4:in `index'
Completed 200 OK in 3ms (Views: 2.6ms | ActiveRecord: 0.2ms | Allocations: 1321)


Started GET "/quizzes" for ::1 at 2020-04-18 23:43:27 -0700
Processing by QuizzesController#index as */*
  [1m[36mQuiz Load (0.2ms)[0m  [1m[34mSELECT "quizzes".* FROM "quizzes"[0m
  ↳ app/controllers/quizzes_controller.rb:4:in `index'
Completed 200 OK in 3ms (Views: 2.7ms | ActiveRecord: 0.2ms | Allocations: 1301)


Started GET "/quizzes" for ::1 at 2020-04-18 23:43:36 -0700
Processing by QuizzesController#index as */*
  [1m[36mQuiz Load (0.2ms)[0m  [1m[34mSELECT "quizzes".* FROM "quizzes"[0m
  ↳ app/controllers/quizzes_controller.rb:4:in `index'
Completed 200 OK in 31ms (Views: 30.9ms | ActiveRecord: 0.2ms | Allocations: 1304)


Started GET "/quizzes" for ::1 at 2020-04-18 23:44:34 -0700
Processing by QuizzesController#index as */*
  [1m[36mQuiz Load (0.2ms)[0m  [1m[34mSELECT "quizzes".* FROM "quizzes"[0m
  ↳ app/controllers/quizzes_controller.rb:4:in `index'
Completed 200 OK in 3ms (Views: 2.8ms | ActiveRecord: 0.2ms | Allocations: 1301)


Started GET "/quizzes" for ::1 at 2020-04-18 23:45:44 -0700
Processing by QuizzesController#index as */*
  [1m[36mQuiz Load (0.2ms)[0m  [1m[34mSELECT "quizzes".* FROM "quizzes"[0m
  ↳ app/controllers/quizzes_controller.rb:4:in `index'
Completed 200 OK in 3ms (Views: 2.8ms | ActiveRecord: 0.2ms | Allocations: 1301)


Started GET "/quizzes" for ::1 at 2020-04-18 23:55:40 -0700
  [1m[35m (0.1ms)[0m  [1m[34mSELECT sqlite_version(*)[0m
Processing by QuizzesController#index as */*
  [1m[36mQuiz Load (0.3ms)[0m  [1m[34mSELECT "quizzes".* FROM "quizzes"[0m
  ↳ app/controllers/quizzes_controller.rb:4:in `index'
Completed 200 OK in 3ms (Views: 2.4ms | ActiveRecord: 0.3ms | Allocations: 1321)


Started GET "/quizzes" for ::1 at 2020-04-19 00:02:06 -0700
  [1m[35m (0.2ms)[0m  [1m[34mSELECT sqlite_version(*)[0m
Processing by QuizzesController#index as */*
  [1m[36mQuiz Load (0.3ms)[0m  [1m[34mSELECT "quizzes".* FROM "quizzes"[0m
  ↳ app/controllers/quizzes_controller.rb:4:in `index'
Completed 200 OK in 4ms (Views: 3.2ms | ActiveRecord: 0.3ms | Allocations: 1321)


Started GET "/quizzes" for ::1 at 2020-04-19 00:05:36 -0700
Processing by QuizzesController#index as */*
  [1m[36mQuiz Load (0.2ms)[0m  [1m[34mSELECT "quizzes".* FROM "quizzes"[0m
  ↳ app/controllers/quizzes_controller.rb:4:in `index'
Completed 200 OK in 4ms (Views: 3.1ms | ActiveRecord: 0.2ms | Allocations: 1301)


Started GET "/quizzes" for ::1 at 2020-04-19 00:05:53 -0700
Processing by QuizzesController#index as */*
  [1m[36mQuiz Load (0.2ms)[0m  [1m[34mSELECT "quizzes".* FROM "quizzes"[0m
  ↳ app/controllers/quizzes_controller.rb:4:in `index'
Completed 200 OK in 4ms (Views: 3.2ms | ActiveRecord: 0.2ms | Allocations: 1301)


Started GET "/quizzes" for ::1 at 2020-04-19 00:07:14 -0700
Processing by QuizzesController#index as */*
  [1m[36mQuiz Load (0.4ms)[0m  [1m[34mSELECT "quizzes".* FROM "quizzes"[0m
  ↳ app/controllers/quizzes_controller.rb:4:in `index'
Completed 200 OK in 4ms (Views: 3.1ms | ActiveRecord: 0.4ms | Allocations: 1301)


